<?xml version="1.0" encoding="UTF-8"?>
<!-- Generated by org.testng.reporters.JUnitReportReporter -->
<testsuite skipped="0" hostname="LAPTOP-6D6KH5RF" name="secondTest.SecondTest" tests="1" failures="0" timestamp="2020-01-23T10:09:53 IST" time="18.725" errors="0">
  <testcase name="validfirsttest" time="18.725" classname="secondTest.SecondTest"/>
</testsuite> <!-- secondTest.SecondTest -->
