<?xml version="1.0" encoding="UTF-8"?>
<!-- Generated by org.testng.reporters.JUnitReportReporter -->
<testsuite skipped="0" hostname="LAPTOP-6D6KH5RF" name="secondTest.SecondTest" tests="1" failures="0" timestamp="23 Jan 2020 05:13:30 GMT" time="15.392" errors="0">
  <testcase name="validfirsttest" time="15.392" classname="secondTest.SecondTest"/>
</testsuite> <!-- secondTest.SecondTest -->
