<?xml version="1.0" encoding="UTF-8"?>
<!-- Generated by org.testng.reporters.JUnitReportReporter -->
<testsuite skipped="0" hostname="LAPTOP-6D6KH5RF" name="firstTest.FirstTest" tests="1" failures="0" timestamp="23 Jan 2020 05:13:30 GMT" time="19.821" errors="0">
  <testcase name="validfirsttest" time="19.821" classname="firstTest.FirstTest"/>
</testsuite> <!-- firstTest.FirstTest -->
